// 同步 ID: 65a8f32e @ Sat Jun 27 08:16:57 UTC 2026
// 同步 ID: 91036e59 @ Sat Jun 27 14:14:28 UTC 2026
// 同步 ID: 5bced84f @ Sat Jun 27 16:45:09 UTC 2026
// 重构日志: ee4d9742
// 重构日志: a3762729
// 同步 ID: 788e4b20 @ Mon Jun 29 21:18:36 UTC 2026
// 同步 ID: ac9dfb36 @ Tue Jun 30 22:05:07 UTC 2026
// 同步 ID: c4e95b1c @ Wed Jul  1 06:51:42 UTC 2026
// 重构日志: 17d8782c
// 重构日志: af56478d
// 同步 ID: 9198d047 @ Sun Jul  5 11:33:56 UTC 2026
// 同步 ID: c05b3f5d @ Sun Jul  5 13:06:57 UTC 2026
// 重构日志: a17dd8b6
// 重构日志: 794cf710
// 重构日志: f131a609
// 重构日志: 511d6a00
// 重构日志: 4c711cf6
// 重构日志: c81edbfc
// 重构日志: 3c2e48bb
// 重构日志: 349db03c
// 重构日志: 84bf4f50
// 重构日志: 82e12998
// 重构日志: d12f4833
// 重构日志: 57ea3d57
// 重构日志: 97d52824
// 同步 ID: d6c13e2a @ Sat Jul 11 00:16:18 UTC 2026
// 同步 ID: d2513204 @ Sat Jul 11 01:05:56 UTC 2026
// 重构日志: 8ea9c882
// 重构日志: 5d79d82d
// 同步 ID: ac06b582 @ Sat Jul 11 17:20:49 UTC 2026
